<?xml version="1.0" encoding="utf-8"?><testsuites name="pytest tests"><testsuite name="pytest" errors="0" failures="0" skipped="0" tests="5" time="35.574" timestamp="2026-09-20T06:43:35.435741+00:00" hostname="agent-env-c99e96a7-0fdb-4274-a582-9103c2070cb3"><testcase classname="tests.test_playlist_db" name="test_bot_status_endpoint" time="0.362" /><testcase classname="tests.test_playlist_db" name="test_personal_and_shared_isolated_same_name" time="10.278" /><testcase classname="tests.test_playlist_db" name="test_add_tracks_respects_cap" time="10.283" /><testcase classname="tests.test_playlist_db" name="test_delete_shared_forbidden_for_non_creator" time="7.613" /><testcase classname="tests.test_playlist_db" name="test_delete_personal_ok_and_missing" time="6.957" /></testsuite></testsuites>