<?xml version="1.0" encoding="utf-8"?><testsuites name="pytest tests"><testsuite name="pytest" errors="0" failures="0" skipped="0" tests="5" time="1.303" timestamp="2026-09-20T05:09:53.916475+00:00" hostname="agent-env-c99e96a7-0fdb-4274-a582-9103c2070cb3"><testcase classname="tests.test_bot_status.TestBotStatus" name="test_status_endpoint_reachable" time="0.196" /><testcase classname="tests.test_bot_status.TestBotStatus" name="test_status_schema_keys" time="0.137" /><testcase classname="tests.test_bot_status.TestBotStatus" name="test_bot_is_online_with_guilds" time="0.144" /><testcase classname="tests.test_bot_status.TestBotStatus" name="test_latency_present" time="0.154" /><testcase classname="tests.test_bot_status.TestBotStatus" name="test_no_mongo_id_field" time="0.151" /></testsuite></testsuites>