<?xml version="1.0" encoding="utf-8"?><testsuites name="pytest tests"><testsuite name="pytest" errors="0" failures="0" skipped="0" tests="4" time="34.019" timestamp="2026-09-20T06:27:11.103311+00:00" hostname="agent-env-c99e96a7-0fdb-4274-a582-9103c2070cb3"><testcase classname="tests.test_playlist_db" name="test_bot_status_endpoint" time="0.214" /><testcase classname="tests.test_playlist_db" name="test_schema_tables_exist" time="4.182" /><testcase classname="tests.test_playlist_db" name="test_full_crud_flow" time="26.224" /><testcase classname="tests.test_playlist_db" name="test_get_tracks_missing_returns_none" time="3.319" /></testsuite></testsuites>