<?xml version="1.0" encoding="utf-8"?><testsuites name="pytest tests"><testsuite name="pytest" errors="0" failures="0" skipped="0" tests="13" time="4.319" timestamp="2026-09-20T07:10:56.559727+00:00" hostname="agent-env-c99e96a7-0fdb-4274-a582-9103c2070cb3"><testcase classname="tests.test_admin_api.TestAdminAuth" name="test_login_wrong_password" time="0.517" /><testcase classname="tests.test_admin_api.TestAdminOverview" name="test_overview_shape" time="1.035" /><testcase classname="tests.test_admin_api.TestAdminAuth" name="test_login_success" time="0.508" /><testcase classname="tests.test_admin_api.TestAdminAuth" name="test_me_with_token" time="0.122" /><testcase classname="tests.test_admin_api.TestAdminOverview" name="test_overview_online_and_guilds_positive" time="0.124" /><testcase classname="tests.test_admin_api.TestAdminAuth" name="test_overview_without_token" time="0.121" /><testcase classname="tests.test_admin_api.TestAdminOverview" name="test_overview_voice_first_sort" time="0.126" /><testcase classname="tests.test_admin_api.TestAdminAuth" name="test_overview_invalid_token" time="0.112" /><testcase classname="tests.test_admin_api.TestServerDetail" name="test_unknown_server_returns_404" time="0.160" /><testcase classname="tests.test_admin_api.TestAdminControl" name="test_invalid_action_returns_400" time="0.114" /><testcase classname="tests.test_admin_api.TestServerDetail" name="test_known_server_returns_object" time="0.314" /><testcase classname="tests.test_admin_api.TestAdminControl" name="test_pause_on_idle_returns_no_player" time="2.276" /><testcase classname="tests.test_admin_api.TestPublicRegression" name="test_bot_status_public" time="0.123" /></testsuite></testsuites>