<?xml version="1.0" encoding="utf-8"?><testsuites name="pytest tests"><testsuite name="pytest" errors="0" failures="2" skipped="1" tests="9" time="2.150" timestamp="2026-09-21T08:46:50.108325+00:00" hostname="agent-env-c99e96a7-0fdb-4274-a582-9103c2070cb3"><testcase classname="tests.test_spotify_fix.TestFetchSpotify" name="test_single_track" time="0.201" /><testcase classname="tests.test_spotify_fix.TestSpotifyRegex" name="test_playlist" time="0.001" /><testcase classname="tests.test_spotify_fix.TestSpotifyRegex" name="test_album" time="0.000" /><testcase classname="tests.test_spotify_fix.TestSpotifyRegex" name="test_track" time="0.000" /><testcase classname="tests.test_spotify_fix.TestSpotifyRegex" name="test_intl_locale" time="0.000" /><testcase classname="tests.test_spotify_fix.TestLavalinkResolve" name="test_ytsearch_despacito" time="0.002"><skipped type="pytest.skip" message="Lavalink unreachable: HTTPConnectionPool(host='localhost', port=2333): Max retries exceeded with url: /v4/loadtracks?identifier=ytsearch%3ADespacito+Luis+Fonsi (Caused by NewConnectionError(&quot;HTTPConnection(host='localhost', port=2333): Failed to establish a new connection: [Errno 111] Connection refused&quot;))">/app/backend/tests/test_spotify_fix.py:80: Lavalink unreachable: HTTPConnectionPool(host='localhost', port=2333): Max retries exceeded with url: /v4/loadtracks?identifier=ytsearch%3ADespacito+Luis+Fonsi (Caused by NewConnectionError("HTTPConnection(host='localhost', port=2333): Failed to establish a new connection: [Errno 111] Connection refused"))</skipped></testcase><testcase classname="tests.test_spotify_fix.TestFetchSpotify" name="test_playlist" time="0.213" /><testcase classname="tests.test_spotify_fix.TestPublicAPI" name="test_bot_status" time="0.288"><failure message="AssertionError: Internal Server Error&#10;assert 500 == 200&#10; +  where 500 = &lt;Response [500]&gt;.status_code">backend/tests/test_spotify_fix.py:96: in test_bot_status
    assert r.status_code == 200, r.text
E   AssertionError: Internal Server Error
E   assert 500 == 200
E    +  where 500 = &lt;Response [500]&gt;.status_code</failure></testcase><testcase classname="tests.test_spotify_fix.TestPublicAPI" name="test_admin_login" time="0.152"><failure message="AssertionError: Internal Server Error&#10;assert 500 == 200&#10; +  where 500 = &lt;Response [500]&gt;.status_code">backend/tests/test_spotify_fix.py:107: in test_admin_login
    assert r.status_code == 200, r.text
E   AssertionError: Internal Server Error
E   assert 500 == 200
E    +  where 500 = &lt;Response [500]&gt;.status_code</failure></testcase></testsuite></testsuites>